This is pdfTeX, Version 3.141592653-2.6-1.40.24 (TeX Live 2022/Arch Linux) (preloaded format=pdflatex 2022.12.11)  11 JAN 2023 22:59
entering extended mode
 restricted \write18 enabled.
 %&-line parsing enabled.
**pmi.tex
(./pmi.tex
LaTeX2e <2021-11-15> patch level 1
L3 programming layer <2022-04-10>
(/usr/share/texmf-dist/tex/latex/base/article.cls
Document Class: article 2021/10/04 v1.4n Standard LaTeX document class
(/usr/share/texmf-dist/tex/latex/base/size11.clo
File: size11.clo 2021/10/04 v1.4n Standard LaTeX file (size option)
)
\c@part=\count185
\c@section=\count186
\c@subsection=\count187
\c@subsubsection=\count188
\c@paragraph=\count189
\c@subparagraph=\count190
\c@figure=\count191
\c@table=\count192
\abovecaptionskip=\skip47
\belowcaptionskip=\skip48
\bibindent=\dimen138
)
(/usr/share/texmf-dist/tex/latex/base/fontenc.sty
Package: fontenc 2021/04/29 v2.0v Standard LaTeX package
)
(/usr/share/texmf-dist/tex/latex/base/inputenc.sty
Package: inputenc 2021/02/14 v1.3d Input encoding file
\inpenc@prehook=\toks16
\inpenc@posthook=\toks17
)
(/usr/share/texmf-dist/tex/latex/lm/lmodern.sty
Package: lmodern 2015/05/01 v1.6.1 Latin Modern Fonts
LaTeX Font Info:    Overwriting symbol font `operators' in version `normal'
(Font)                  OT1/cmr/m/n --> OT1/lmr/m/n on input line 22.
LaTeX Font Info:    Overwriting symbol font `letters' in version `normal'
(Font)                  OML/cmm/m/it --> OML/lmm/m/it on input line 23.
LaTeX Font Info:    Overwriting symbol font `symbols' in version `normal'
(Font)                  OMS/cmsy/m/n --> OMS/lmsy/m/n on input line 24.
LaTeX Font Info:    Overwriting symbol font `largesymbols' in version `normal'
(Font)                  OMX/cmex/m/n --> OMX/lmex/m/n on input line 25.
LaTeX Font Info:    Overwriting symbol font `operators' in version `bold'
(Font)                  OT1/cmr/bx/n --> OT1/lmr/bx/n on input line 26.
LaTeX Font Info:    Overwriting symbol font `letters' in version `bold'
(Font)                  OML/cmm/b/it --> OML/lmm/b/it on input line 27.
LaTeX Font Info:    Overwriting symbol font `symbols' in version `bold'
(Font)                  OMS/cmsy/b/n --> OMS/lmsy/b/n on input line 28.
LaTeX Font Info:    Overwriting symbol font `largesymbols' in version `bold'
(Font)                  OMX/cmex/m/n --> OMX/lmex/m/n on input line 29.
LaTeX Font Info:    Overwriting math alphabet `\mathbf' in version `normal'
(Font)                  OT1/cmr/bx/n --> OT1/lmr/bx/n on input line 31.
LaTeX Font Info:    Overwriting math alphabet `\mathsf' in version `normal'
(Font)                  OT1/cmss/m/n --> OT1/lmss/m/n on input line 32.
LaTeX Font Info:    Overwriting math alphabet `\mathit' in version `normal'
(Font)                  OT1/cmr/m/it --> OT1/lmr/m/it on input line 33.
LaTeX Font Info:    Overwriting math alphabet `\mathtt' in version `normal'
(Font)                  OT1/cmtt/m/n --> OT1/lmtt/m/n on input line 34.
LaTeX Font Info:    Overwriting math alphabet `\mathbf' in version `bold'
(Font)                  OT1/cmr/bx/n --> OT1/lmr/bx/n on input line 35.
LaTeX Font Info:    Overwriting math alphabet `\mathsf' in version `bold'
(Font)                  OT1/cmss/bx/n --> OT1/lmss/bx/n on input line 36.
LaTeX Font Info:    Overwriting math alphabet `\mathit' in version `bold'
(Font)                  OT1/cmr/bx/it --> OT1/lmr/bx/it on input line 37.
LaTeX Font Info:    Overwriting math alphabet `\mathtt' in version `bold'
(Font)                  OT1/cmtt/m/n --> OT1/lmtt/m/n on input line 38.
)
(/usr/share/texmf-dist/tex/latex/microtype/microtype.sty
Package: microtype 2022/03/14 v3.0d Micro-typographical refinements (RS)

(/usr/share/texmf-dist/tex/latex/graphics/keyval.sty
Package: keyval 2014/10/28 v1.15 key=value parser (DPC)
\KV@toks@=\toks18
)
(/usr/share/texmf-dist/tex/latex/etoolbox/etoolbox.sty
Package: etoolbox 2020/10/05 v2.5k e-TeX tools for LaTeX (JAW)
\etb@tempcnta=\count193
)
\MT@toks=\toks19
\MT@tempbox=\box50
\MT@count=\count194
LaTeX Info: Redefining \noprotrusionifhmode on input line 1027.
LaTeX Info: Redefining \leftprotrusion on input line 1028.
LaTeX Info: Redefining \rightprotrusion on input line 1036.
LaTeX Info: Redefining \textls on input line 1195.
\MT@outer@kern=\dimen139
LaTeX Info: Redefining \textmicrotypecontext on input line 1781.
\MT@listname@count=\count195

(/usr/share/texmf-dist/tex/latex/microtype/microtype-pdftex.def
File: microtype-pdftex.def 2022/03/14 v3.0d Definitions specific to pdftex (RS)

LaTeX Info: Redefining \lsstyle on input line 900.
LaTeX Info: Redefining \lslig on input line 900.
\MT@outer@space=\skip49
)
Package microtype Info: Loading configuration file microtype.cfg.

(/usr/share/texmf-dist/tex/latex/microtype/microtype.cfg
File: microtype.cfg 2022/03/14 v3.0d microtype main configuration file (RS)
))
(/usr/share/texmf-dist/tex/latex/graphics/graphicx.sty
Package: graphicx 2021/09/16 v1.2d Enhanced LaTeX Graphics (DPC,SPQR)

(/usr/share/texmf-dist/tex/latex/graphics/graphics.sty
Package: graphics 2021/03/04 v1.4d Standard LaTeX Graphics (DPC,SPQR)

(/usr/share/texmf-dist/tex/latex/graphics/trig.sty
Package: trig 2021/08/11 v1.11 sin cos tan (DPC)
)
(/usr/share/texmf-dist/tex/latex/graphics-cfg/graphics.cfg
File: graphics.cfg 2016/06/04 v1.11 sample graphics configuration
)
Package graphics Info: Driver file: pdftex.def on input line 107.

(/usr/share/texmf-dist/tex/latex/graphics-def/pdftex.def
File: pdftex.def 2020/10/05 v1.2a Graphics/color driver for pdftex
))
\Gin@req@height=\dimen140
\Gin@req@width=\dimen141
)
(/usr/share/texmf-dist/tex/latex/hyperref/hyperref.sty
Package: hyperref 2022-02-21 v7.00n Hypertext links for LaTeX

(/usr/share/texmf-dist/tex/generic/ltxcmds/ltxcmds.sty
Package: ltxcmds 2020-05-10 v1.25 LaTeX kernel commands for general use (HO)
)
(/usr/share/texmf-dist/tex/generic/iftex/iftex.sty
Package: iftex 2022/02/03 v1.0f TeX engine tests
)
(/usr/share/texmf-dist/tex/generic/pdftexcmds/pdftexcmds.sty
Package: pdftexcmds 2020-06-27 v0.33 Utility functions of pdfTeX for LuaTeX (HO
)

(/usr/share/texmf-dist/tex/generic/infwarerr/infwarerr.sty
Package: infwarerr 2019/12/03 v1.5 Providing info/warning/error messages (HO)
)
Package pdftexcmds Info: \pdf@primitive is available.
Package pdftexcmds Info: \pdf@ifprimitive is available.
Package pdftexcmds Info: \pdfdraftmode found.
)
(/usr/share/texmf-dist/tex/generic/kvsetkeys/kvsetkeys.sty
Package: kvsetkeys 2019/12/15 v1.18 Key value parser (HO)
)
(/usr/share/texmf-dist/tex/generic/kvdefinekeys/kvdefinekeys.sty
Package: kvdefinekeys 2019-12-19 v1.6 Define keys (HO)
)
(/usr/share/texmf-dist/tex/generic/pdfescape/pdfescape.sty
Package: pdfescape 2019/12/09 v1.15 Implements pdfTeX's escape features (HO)
)
(/usr/share/texmf-dist/tex/latex/hycolor/hycolor.sty
Package: hycolor 2020-01-27 v1.10 Color options for hyperref/bookmark (HO)
)
(/usr/share/texmf-dist/tex/latex/letltxmacro/letltxmacro.sty
Package: letltxmacro 2019/12/03 v1.6 Let assignment for LaTeX macros (HO)
)
(/usr/share/texmf-dist/tex/latex/auxhook/auxhook.sty
Package: auxhook 2019-12-17 v1.6 Hooks for auxiliary files (HO)
)
(/usr/share/texmf-dist/tex/latex/kvoptions/kvoptions.sty
Package: kvoptions 2020-10-07 v3.14 Key value format for package options (HO)
)
\@linkdim=\dimen142
\Hy@linkcounter=\count196
\Hy@pagecounter=\count197

(/usr/share/texmf-dist/tex/latex/hyperref/pd1enc.def
File: pd1enc.def 2022-02-21 v7.00n Hyperref: PDFDocEncoding definition (HO)
Now handling font encoding PD1 ...
... no UTF-8 mapping file for font encoding PD1
)
(/usr/share/texmf-dist/tex/generic/intcalc/intcalc.sty
Package: intcalc 2019/12/15 v1.3 Expandable calculations with integers (HO)
)
(/usr/share/texmf-dist/tex/generic/etexcmds/etexcmds.sty
Package: etexcmds 2019/12/15 v1.7 Avoid name clashes with e-TeX commands (HO)
)
\Hy@SavedSpaceFactor=\count198

(/usr/share/texmf-dist/tex/latex/hyperref/puenc.def
File: puenc.def 2022-02-21 v7.00n Hyperref: PDF Unicode definition (HO)
Now handling font encoding PU ...
... no UTF-8 mapping file for font encoding PU
)
Package hyperref Info: Hyper figures OFF on input line 4137.
Package hyperref Info: Link nesting OFF on input line 4142.
Package hyperref Info: Hyper index ON on input line 4145.
Package hyperref Info: Plain pages OFF on input line 4152.
Package hyperref Info: Backreferencing OFF on input line 4157.
Package hyperref Info: Implicit mode ON; LaTeX internals redefined.
Package hyperref Info: Bookmarks ON on input line 4390.
\c@Hy@tempcnt=\count199

(/usr/share/texmf-dist/tex/latex/url/url.sty
\Urlmuskip=\muskip16
Package: url 2013/09/16  ver 3.4  Verb mode for urls, etc.
)
LaTeX Info: Redefining \url on input line 4749.
\XeTeXLinkMargin=\dimen143

(/usr/share/texmf-dist/tex/generic/bitset/bitset.sty
Package: bitset 2019/12/09 v1.3 Handle bit-vector datatype (HO)

(/usr/share/texmf-dist/tex/generic/bigintcalc/bigintcalc.sty
Package: bigintcalc 2019/12/15 v1.5 Expandable calculations on big integers (HO
)
))
\Fld@menulength=\count266
\Field@Width=\dimen144
\Fld@charsize=\dimen145
Package hyperref Info: Hyper figures OFF on input line 6027.
Package hyperref Info: Link nesting OFF on input line 6032.
Package hyperref Info: Hyper index ON on input line 6035.
Package hyperref Info: backreferencing OFF on input line 6042.
Package hyperref Info: Link coloring OFF on input line 6047.
Package hyperref Info: Link coloring with OCG OFF on input line 6052.
Package hyperref Info: PDF/A mode OFF on input line 6057.
LaTeX Info: Redefining \ref on input line 6097.
LaTeX Info: Redefining \pageref on input line 6101.

(/usr/share/texmf-dist/tex/latex/base/atbegshi-ltx.sty
Package: atbegshi-ltx 2021/01/10 v1.0c Emulation of the original atbegshi
package with kernel methods
)
\Hy@abspage=\count267
\c@Item=\count268
\c@Hfootnote=\count269
)
Package hyperref Info: Driver (autodetected): hpdftex.

(/usr/share/texmf-dist/tex/latex/hyperref/hpdftex.def
File: hpdftex.def 2022-02-21 v7.00n Hyperref driver for pdfTeX

(/usr/share/texmf-dist/tex/latex/base/atveryend-ltx.sty
Package: atveryend-ltx 2020/08/19 v1.0a Emulation of the original atveryend pac
kage
with kernel methods
)
\Fld@listcount=\count270
\c@bookmark@seq@number=\count271

(/usr/share/texmf-dist/tex/latex/rerunfilecheck/rerunfilecheck.sty
Package: rerunfilecheck 2019/12/05 v1.9 Rerun checks for auxiliary files (HO)

(/usr/share/texmf-dist/tex/generic/uniquecounter/uniquecounter.sty
Package: uniquecounter 2019/12/15 v1.4 Provide unlimited unique counter (HO)
)
Package uniquecounter Info: New unique counter `rerunfilecheck' on input line 2
86.
)
\Hy@SectionHShift=\skip50
)
(/usr/share/texmf-dist/tex/latex/tools/calc.sty
Package: calc 2017/05/25 v4.3 Infix arithmetic (KKT,FJ)
\calc@Acount=\count272
\calc@Bcount=\count273
\calc@Adimen=\dimen146
\calc@Bdimen=\dimen147
\calc@Askip=\skip51
\calc@Bskip=\skip52
LaTeX Info: Redefining \setlength on input line 80.
LaTeX Info: Redefining \addtolength on input line 81.
\calc@Ccount=\count274
\calc@Cskip=\skip53
)
(/usr/share/texmf-dist/tex/latex/float/float.sty
Package: float 2001/11/08 v1.3d Float enhancements (AL)
\c@float@type=\count275
\float@exts=\toks20
\float@box=\box51
\@float@everytoks=\toks21
\@floatcapt=\box52
)
(/usr/share/texmf-dist/tex/latex/acronym/acronym.sty
Package: acronym 2020/04/17 v1.47 Support for acronyms (Tobias Oetiker)

(/usr/share/texmf-dist/tex/latex/bigfoot/suffix.sty
Package: suffix 2006/07/15 1.5a Variant command support
)
(/usr/share/texmf-dist/tex/generic/xstring/xstring.sty
(/usr/share/texmf-dist/tex/generic/xstring/xstring.tex
\integerpart=\count276
\decimalpart=\count277
)
Package: xstring 2021/07/21 v1.84 String manipulations (CT)
)
\AC@clearlist=\toks22
)
(/usr/share/texmf-dist/tex/latex/listingsutf8/listingsutf8.sty
Package: listingsutf8 2019-12-10 v1.5 Allow UTF-8 in listings input (HO)

(/usr/share/texmf-dist/tex/latex/listings/listings.sty
\lst@mode=\count278
\lst@gtempboxa=\box53
\lst@token=\toks23
\lst@length=\count279
\lst@currlwidth=\dimen148
\lst@column=\count280
\lst@pos=\count281
\lst@lostspace=\dimen149
\lst@width=\dimen150
\lst@newlines=\count282
\lst@lineno=\count283
\lst@maxwidth=\dimen151

(/usr/share/texmf-dist/tex/latex/listings/lstmisc.sty
File: lstmisc.sty 2020/03/24 1.8d (Carsten Heinz)
\c@lstnumber=\count284
\lst@skipnumbers=\count285
\lst@framebox=\box54
)
(/usr/share/texmf-dist/tex/latex/listings/listings.cfg
File: listings.cfg 2020/03/24 1.8d listings configuration
))
Package: listings 2020/03/24 1.8d (Carsten Heinz)

(/usr/share/texmf-dist/tex/generic/stringenc/stringenc.sty
Package: stringenc 2019/11/29 v1.12 Convert strings between diff. encodings (HO
)
))
(/usr/share/texmf-dist/tex/latex/xcolor/xcolor.sty
Package: xcolor 2021/10/31 v2.13 LaTeX color extensions (UK)

(/usr/share/texmf-dist/tex/latex/graphics-cfg/color.cfg
File: color.cfg 2016/01/02 v1.6 sample color configuration
)
Package xcolor Info: Driver file: pdftex.def on input line 227.
Package xcolor Info: Model `cmy' substituted by `cmy0' on input line 1352.
Package xcolor Info: Model `hsb' substituted by `rgb' on input line 1356.
Package xcolor Info: Model `RGB' extended on input line 1368.
Package xcolor Info: Model `HTML' substituted by `rgb' on input line 1370.
Package xcolor Info: Model `Hsb' substituted by `hsb' on input line 1371.
Package xcolor Info: Model `tHsb' substituted by `hsb' on input line 1372.
Package xcolor Info: Model `HSB' substituted by `hsb' on input line 1373.
Package xcolor Info: Model `Gray' substituted by `gray' on input line 1374.
Package xcolor Info: Model `wave' substituted by `hsb' on input line 1375.
)

Package hyperref Warning: Unexpected value for option `hidelinks'
(hyperref)                is ignored on input line 23.

Package hyperref Info: Option `colorlinks' set `true' on input line 23.
(/usr/share/texmf-dist/tex/latex/biblatex/biblatex.sty
Package: biblatex 2022/02/02 v3.17 programmable bibliographies (PK/MW)

(/usr/share/texmf-dist/tex/latex/logreq/logreq.sty
Package: logreq 2010/08/04 v1.0 xml request logger
\lrq@indent=\count286

(/usr/share/texmf-dist/tex/latex/logreq/logreq.def
File: logreq.def 2010/08/04 v1.0 logreq spec v1.0
))
(/usr/share/texmf-dist/tex/latex/base/ifthen.sty
Package: ifthen 2020/11/24 v1.1c Standard LaTeX ifthen package (DPC)
)
\c@tabx@nest=\count287
\c@listtotal=\count288
\c@listcount=\count289
\c@liststart=\count290
\c@liststop=\count291
\c@citecount=\count292
\c@citetotal=\count293
\c@multicitecount=\count294
\c@multicitetotal=\count295
\c@instcount=\count296
\c@maxnames=\count297
\c@minnames=\count298
\c@maxitems=\count299
\c@minitems=\count300
\c@citecounter=\count301
\c@maxcitecounter=\count302
\c@savedcitecounter=\count303
\c@uniquelist=\count304
\c@uniquename=\count305
\c@refsection=\count306
\c@refsegment=\count307
\c@maxextratitle=\count308
\c@maxextratitleyear=\count309
\c@maxextraname=\count310
\c@maxextradate=\count311
\c@maxextraalpha=\count312
\c@abbrvpenalty=\count313
\c@highnamepenalty=\count314
\c@lownamepenalty=\count315
\c@maxparens=\count316
\c@parenlevel=\count317
\blx@tempcnta=\count318
\blx@tempcntb=\count319
\blx@tempcntc=\count320
\c@blx@maxsection=\count321
\c@blx@maxsegment@0=\count322
\blx@notetype=\count323
\blx@parenlevel@text=\count324
\blx@parenlevel@foot=\count325
\c@blx@sectionciteorder@0=\count326
\blx@entrysetcounter=\count327
\blx@biblioinstance=\count328
\labelnumberwidth=\skip54
\labelalphawidth=\skip55
\biblabelsep=\skip56
\bibitemsep=\skip57
\bibnamesep=\skip58
\bibinitsep=\skip59
\bibparsep=\skip60
\bibhang=\skip61
\blx@bcfin=\read2
\blx@bcfout=\write3
\blx@langwohyphens=\language87
\c@mincomprange=\count329
\c@maxcomprange=\count330
\c@mincompwidth=\count331
Package biblatex Info: Trying to load biblatex default data model...
Package biblatex Info: ... file 'blx-dm.def' found.

(/usr/share/texmf-dist/tex/latex/biblatex/blx-dm.def
File: blx-dm.def 2022/02/02 v3.17 biblatex localization (PK/MW)
)
Package biblatex Info: Trying to load biblatex style data model...
Package biblatex Info: ... file 'numeric.dbx' not found.
Package biblatex Info: Trying to load biblatex custom data model...
Package biblatex Info: ... file 'biblatex-dm.cfg' not found.
\c@afterword=\count332
\c@savedafterword=\count333
\c@annotator=\count334
\c@savedannotator=\count335
\c@author=\count336
\c@savedauthor=\count337
\c@bookauthor=\count338
\c@savedbookauthor=\count339
\c@commentator=\count340
\c@savedcommentator=\count341
\c@editor=\count342
\c@savededitor=\count343
\c@editora=\count344
\c@savededitora=\count345
\c@editorb=\count346
\c@savededitorb=\count347
\c@editorc=\count348
\c@savededitorc=\count349
\c@foreword=\count350
\c@savedforeword=\count351
\c@holder=\count352
\c@savedholder=\count353
\c@introduction=\count354
\c@savedintroduction=\count355
\c@namea=\count356
\c@savednamea=\count357
\c@nameb=\count358
\c@savednameb=\count359
\c@namec=\count360
\c@savednamec=\count361
\c@translator=\count362
\c@savedtranslator=\count363
\c@shortauthor=\count364
\c@savedshortauthor=\count365
\c@shorteditor=\count366
\c@savedshorteditor=\count367
\c@labelname=\count368
\c@savedlabelname=\count369
\c@institution=\count370
\c@savedinstitution=\count371
\c@lista=\count372
\c@savedlista=\count373
\c@listb=\count374
\c@savedlistb=\count375
\c@listc=\count376
\c@savedlistc=\count377
\c@listd=\count378
\c@savedlistd=\count379
\c@liste=\count380
\c@savedliste=\count381
\c@listf=\count382
\c@savedlistf=\count383
\c@location=\count384
\c@savedlocation=\count385
\c@organization=\count386
\c@savedorganization=\count387
\c@origlocation=\count388
\c@savedoriglocation=\count389
\c@origpublisher=\count390
\c@savedorigpublisher=\count391
\c@publisher=\count392
\c@savedpublisher=\count393
\c@language=\count394
\c@savedlanguage=\count395
\c@origlanguage=\count396
\c@savedoriglanguage=\count397
\c@pageref=\count398
\c@savedpageref=\count399
\shorthandwidth=\skip62
\shortjournalwidth=\skip63
\shortserieswidth=\skip64
\shorttitlewidth=\skip65
\shortauthorwidth=\skip66
\shorteditorwidth=\skip67
\locallabelnumberwidth=\skip68
\locallabelalphawidth=\skip69
\localshorthandwidth=\skip70
\localshortjournalwidth=\skip71
\localshortserieswidth=\skip72
\localshorttitlewidth=\skip73
\localshortauthorwidth=\skip74
\localshorteditorwidth=\skip75
Package biblatex Info: Trying to load compatibility code...
Package biblatex Info: ... file 'blx-compat.def' found.

(/usr/share/texmf-dist/tex/latex/biblatex/blx-compat.def
File: blx-compat.def 2022/02/02 v3.17 biblatex compatibility (PK/MW)
)
Package biblatex Info: Trying to load generic definitions...
Package biblatex Info: ... file 'biblatex.def' found.

(/usr/share/texmf-dist/tex/latex/biblatex/biblatex.def
File: biblatex.def 2022/02/02 v3.17 biblatex compatibility (PK/MW)
\c@textcitecount=\count400
\c@textcitetotal=\count401
\c@textcitemaxnames=\count402
\c@biburlbigbreakpenalty=\count403
\c@biburlbreakpenalty=\count404
\c@biburlnumpenalty=\count405
\c@biburlucpenalty=\count406
\c@biburllcpenalty=\count407
\biburlbigskip=\muskip17
\biburlnumskip=\muskip18
\biburlucskip=\muskip19
\biburllcskip=\muskip20
\c@smartand=\count408
)
Package biblatex Info: Trying to load bibliography style 'numeric'...
Package biblatex Info: ... file 'numeric.bbx' found.

(/usr/share/texmf-dist/tex/latex/biblatex/bbx/numeric.bbx
File: numeric.bbx 2022/02/02 v3.17 biblatex bibliography style (PK/MW)
Package biblatex Info: Trying to load bibliography style 'standard'...
Package biblatex Info: ... file 'standard.bbx' found.

(/usr/share/texmf-dist/tex/latex/biblatex/bbx/standard.bbx
File: standard.bbx 2022/02/02 v3.17 biblatex bibliography style (PK/MW)
\c@bbx:relatedcount=\count409
\c@bbx:relatedtotal=\count410
))
Package biblatex Info: Trying to load citation style 'numeric'...
Package biblatex Info: ... file 'numeric.cbx' found.

(/usr/share/texmf-dist/tex/latex/biblatex/cbx/numeric.cbx
File: numeric.cbx 2022/02/02 v3.17 biblatex citation style (PK/MW)
Package biblatex Info: Redefining '\cite'.
Package biblatex Info: Redefining '\parencite'.
Package biblatex Info: Redefining '\footcite'.
Package biblatex Info: Redefining '\footcitetext'.
Package biblatex Info: Redefining '\smartcite'.
Package biblatex Info: Redefining '\supercite'.
Package biblatex Info: Redefining '\textcite'.
Package biblatex Info: Redefining '\textcites'.
Package biblatex Info: Redefining '\cites'.
Package biblatex Info: Redefining '\parencites'.
Package biblatex Info: Redefining '\smartcites'.
)
Package biblatex Info: Trying to load configuration file...
Package biblatex Info: ... file 'biblatex.cfg' found.

(/usr/share/texmf-dist/tex/latex/biblatex/biblatex.cfg
File: biblatex.cfg 
)
Package biblatex Info: Input encoding 'utf8' detected.
Package biblatex Info: Document encoding is UTF8 ....

(/usr/share/texmf-dist/tex/latex/l3kernel/expl3.sty
Package: expl3 2022-04-10 L3 programming layer (loader) 

(/usr/share/texmf-dist/tex/latex/l3backend/l3backend-pdftex.def
File: l3backend-pdftex.def 2022-04-14 L3 backend support: PDF output (pdfTeX)
\l__color_backend_stack_int=\count411
\l__pdf_internal_box=\box55
))
Package biblatex Info: ... and expl3
(biblatex)             2022-04-10 L3 programming layer (loader) 
(biblatex)             is new enough (at least 2020/04/06),
(biblatex)             setting 'casechanger=expl3'.

(/usr/share/texmf-dist/tex/latex/biblatex/blx-case-expl3.sty
(/usr/share/texmf-dist/tex/latex/l3packages/xparse/xparse.sty
Package: xparse 2022-01-12 L3 Experimental document command parser
)
Package: blx-case-expl3 2022/02/02 v3.17 expl3 case changing code for biblatex
))
\textBoxHeight=\skip76
\imageHeight=\skip77
\@quotelevel=\count412
\@quotereset=\count413
LaTeX Font Info:    Trying to load font information for T1+lmr on input line 11
3.

(/usr/share/texmf-dist/tex/latex/lm/t1lmr.fd
File: t1lmr.fd 2015/05/01 v1.6.1 Font defs for Latin Modern
) (./pmi.aux

LaTeX Warning: Label `' multiply defined.


LaTeX Warning: Label `' multiply defined.

)
\openout1 = `pmi.aux'.

LaTeX Font Info:    Checking defaults for OML/cmm/m/it on input line 113.
LaTeX Font Info:    ... okay on input line 113.
LaTeX Font Info:    Checking defaults for OMS/cmsy/m/n on input line 113.
LaTeX Font Info:    ... okay on input line 113.
LaTeX Font Info:    Checking defaults for OT1/cmr/m/n on input line 113.
LaTeX Font Info:    ... okay on input line 113.
LaTeX Font Info:    Checking defaults for T1/cmr/m/n on input line 113.
LaTeX Font Info:    ... okay on input line 113.
LaTeX Font Info:    Checking defaults for TS1/cmr/m/n on input line 113.
LaTeX Font Info:    ... okay on input line 113.
LaTeX Font Info:    Checking defaults for OMX/cmex/m/n on input line 113.
LaTeX Font Info:    ... okay on input line 113.
LaTeX Font Info:    Checking defaults for U/cmr/m/n on input line 113.
LaTeX Font Info:    ... okay on input line 113.
LaTeX Font Info:    Checking defaults for PD1/pdf/m/n on input line 113.
LaTeX Font Info:    ... okay on input line 113.
LaTeX Font Info:    Checking defaults for PU/pdf/m/n on input line 113.
LaTeX Font Info:    ... okay on input line 113.
LaTeX Info: Redefining \microtypecontext on input line 113.
Package microtype Info: Applying patch `item' on input line 113.
Package microtype Info: Applying patch `toc' on input line 113.
Package microtype Info: Applying patch `eqnum' on input line 113.
Package microtype Info: Applying patch `footnote' on input line 113.
Package microtype Info: Generating PDF output.
Package microtype Info: Character protrusion enabled (level 2).
Package microtype Info: Using default protrusion set `alltext'.
Package microtype Info: Automatic font expansion enabled (level 2),
(microtype)             stretch: 20, shrink: 20, step: 1, non-selected.
Package microtype Info: Using default expansion set `alltext-nott'.
LaTeX Info: Redefining \showhyphens on input line 113.
Package microtype Info: No adjustment of tracking.
Package microtype Info: No adjustment of interword spacing.
Package microtype Info: No adjustment of character kerning.
 (/usr/share/texmf-dist/tex/latex/microtype/mt-cmr.cfg
File: mt-cmr.cfg 2013/05/19 v2.2 microtype config. file: Computer Modern Roman 
(RS)
)
(/usr/share/texmf-dist/tex/context/base/mkii/supp-pdf.mkii
[Loading MPS to PDF converter (version 2006.09.02).]
\scratchcounter=\count414
\scratchdimen=\dimen152
\scratchbox=\box56
\nofMPsegments=\count415
\nofMParguments=\count416
\everyMPshowfont=\toks24
\MPscratchCnt=\count417
\MPscratchDim=\dimen153
\MPnumerator=\count418
\makeMPintoPDFobject=\count419
\everyMPtoPDFconversion=\toks25
) (/usr/share/texmf-dist/tex/latex/epstopdf-pkg/epstopdf-base.sty
Package: epstopdf-base 2020-01-24 v2.11 Base part for package epstopdf
Package epstopdf-base Info: Redefining graphics rule for `.eps' on input line 4
85.

(/usr/share/texmf-dist/tex/latex/latexconfig/epstopdf-sys.cfg
File: epstopdf-sys.cfg 2010/07/13 v1.3 Configuration of (r)epstopdf for TeX Liv
e
))
Package hyperref Info: Link coloring ON on input line 113.

(/usr/share/texmf-dist/tex/latex/hyperref/nameref.sty
Package: nameref 2021-04-02 v2.47 Cross-referencing by name of section

(/usr/share/texmf-dist/tex/latex/refcount/refcount.sty
Package: refcount 2019/12/15 v3.6 Data extraction from label references (HO)
)
(/usr/share/texmf-dist/tex/generic/gettitlestring/gettitlestring.sty
Package: gettitlestring 2019/12/15 v1.6 Cleanup title references (HO)
)
\c@section@level=\count420
)
LaTeX Info: Redefining \ref on input line 113.
LaTeX Info: Redefining \pageref on input line 113.
LaTeX Info: Redefining \nameref on input line 113.

(./pmi.out) (./pmi.out)
\@outlinefile=\write4
\openout4 = `pmi.out'.

\c@lstlisting=\count421
Package biblatex Info: Trying to load language 'english'...
Package biblatex Info: ... file 'english.lbx' found.

(/usr/share/texmf-dist/tex/latex/biblatex/lbx/english.lbx
File: english.lbx 2022/02/02 v3.17 biblatex localization (PK/MW)
)
Package biblatex Info: Input encoding 'utf8' detected.
Package biblatex Info: Automatic encoding selection.
(biblatex)             Assuming data encoding 'utf8'.
\openout3 = `pmi.bcf'.

Package biblatex Info: Trying to load bibliographic data...
Package biblatex Info: ... file 'pmi.bbl' found.
 (./pmi.bbl)
Package biblatex Info: Reference section=0 on input line 113.
Package biblatex Info: Reference segment=0 on input line 113.
LaTeX Font Info:    Trying to load font information for OT1+lmr on input line 1
16.

(/usr/share/texmf-dist/tex/latex/lm/ot1lmr.fd
File: ot1lmr.fd 2015/05/01 v1.6.1 Font defs for Latin Modern
)
LaTeX Font Info:    Trying to load font information for OML+lmm on input line 1
16.

(/usr/share/texmf-dist/tex/latex/lm/omllmm.fd
File: omllmm.fd 2015/05/01 v1.6.1 Font defs for Latin Modern
)
LaTeX Font Info:    Trying to load font information for OMS+lmsy on input line 
116.

(/usr/share/texmf-dist/tex/latex/lm/omslmsy.fd
File: omslmsy.fd 2015/05/01 v1.6.1 Font defs for Latin Modern
)
LaTeX Font Info:    Trying to load font information for OMX+lmex on input line 
116.

(/usr/share/texmf-dist/tex/latex/lm/omxlmex.fd
File: omxlmex.fd 2015/05/01 v1.6.1 Font defs for Latin Modern
)
LaTeX Font Info:    External font `lmex10' loaded for size
(Font)              <12> on input line 116.
LaTeX Font Info:    External font `lmex10' loaded for size
(Font)              <8> on input line 116.
LaTeX Font Info:    External font `lmex10' loaded for size
(Font)              <6> on input line 116.
 [1

{/var/lib/texmf/fonts/map/pdftex/updmap/pdftex.map}]
LaTeX Font Info:    External font `lmex10' loaded for size
(Font)              <10> on input line 130.
LaTeX Font Info:    External font `lmex10' loaded for size
(Font)              <7> on input line 130.
LaTeX Font Info:    External font `lmex10' loaded for size
(Font)              <5> on input line 130.
LaTeX Font Info:    Trying to load font information for TS1+lmr on input line 1
30.
 (/usr/share/texmf-dist/tex/latex/lm/ts1lmr.fd
File: ts1lmr.fd 2015/05/01 v1.6.1 Font defs for Latin Modern
)
Package acronym Info: Label `acro:FHIR' newly defined as it shall be overridden

although it is yet undefined on input line 130.
Package acronym Info: Label `acro:HTTP' newly defined as it shall be overridden

although it is yet undefined on input line 130.
Package acronym Info: Label `acro:CRUD' newly defined as it shall be overridden

although it is yet undefined on input line 130.
Package acronym Info: Label `acro:UI' newly defined as it shall be overridden
although it is yet undefined on input line 130.
Package acronym Info: Label `acro:REST' newly defined as it shall be overridden

although it is yet undefined on input line 130.

pdfTeX warning (ext4): destination with the same identifier (name{page.}) has b
een already used, duplicate ignored
<to be read again> 
                   \relax 
l.132 	\newpage
                [2] (./pmi.toc
LaTeX Font Info:    External font `lmex10' loaded for size
(Font)              <10.95> on input line 4.
)
\tf@toc=\write5
\openout5 = `pmi.toc'.


pdfTeX warning (ext4): destination with the same identifier (name{page.}) has b
een already used, duplicate ignored
<to be read again> 
                   \relax 
l.134 	\newpage
                [3] [1] (./pmi.lol)
\tf@lol=\write6
\openout6 = `pmi.lol'.

 (./pmi.lof)
\tf@lof=\write7
\openout7 = `pmi.lof'.

 (./pmi.lot)
\tf@lot=\write8
\openout8 = `pmi.lot'.

 [2]
Package acronym Info: Label `acro:UKHD' newly defined as it shall be overridden

although it is yet undefined on input line 184.
Package acronym Info: Label `acro:PRO' newly defined as it shall be overridden
although it is yet undefined on input line 184.
 [1]
Package acronym Info: Label `acro:HL7' newly defined as it shall be overridden
although it is yet undefined on input line 214.
Package acronym Info: Label `acro:API' newly defined as it shall be overridden
although it is yet undefined on input line 215.
 [2]
Package acronym Info: Label `acro:XML' newly defined as it shall be overridden
although it is yet undefined on input line 235.
Package acronym Info: Label `acro:JSON' newly defined as it shall be overridden

although it is yet undefined on input line 235.
Package acronym Info: Label `acro:RDF' newly defined as it shall be overridden
although it is yet undefined on input line 235.
Package acronym Info: Label `acro:URL' newly defined as it shall be overridden
although it is yet undefined on input line 235.


Package hyperref Warning: Token not allowed in a PDF string (Unicode):
(hyperref)                removing `\mathsurround' on input line 236.


Package hyperref Warning: Token not allowed in a PDF string (Unicode):
(hyperref)                removing `\z@' on input line 236.


Package hyperref Warning: Token not allowed in a PDF string (Unicode):
(hyperref)                removing `superscript' on input line 236.

Package acronym Info: Label `acro:Node' newly defined as it shall be overridden

although it is yet undefined on input line 243.
Package acronym Info: Label `acro:JS' newly defined as it shall be overridden
although it is yet undefined on input line 243.
[3]
Package acronym Info: Label `acro:OS' newly defined as it shall be overridden
although it is yet undefined on input line 246.
Package acronym Info: Label `acro:Express' newly defined as it shall be overrid
den
although it is yet undefined on input line 249.
Package acronym Info: Label `acro:HTTPS' newly defined as it shall be overridde
n
although it is yet undefined on input line 253.
Package acronym Info: Label `acro:I/O' newly defined as it shall be overridden
although it is yet undefined on input line 253.
Package acronym Info: Label `acro:CPU' newly defined as it shall be overridden
although it is yet undefined on input line 253.
Package acronym Info: Label `acro:Vue' newly defined as it shall be overridden
although it is yet undefined on input line 256.
Package acronym Info: Label `acro:DOM' newly defined as it shall be overridden
although it is yet undefined on input line 256.
Package acronym Info: Label `acro:HTML' newly defined as it shall be overridden

although it is yet undefined on input line 256.
 [4]
Package acronym Info: Label `acro:npm' newly defined as it shall be overridden
although it is yet undefined on input line 264.
 [5] [6] [7]
Package hyperref Info: bookmark level for unknown lstlisting defaults to 0 on i
nput line 303.
LaTeX Font Info:    Trying to load font information for T1+lmtt on input line 3
03.
 (/usr/share/texmf-dist/tex/latex/lm/t1lmtt.fd
File: t1lmtt.fd 2015/05/01 v1.6.1 Font defs for Latin Modern
)
Package microtype Info: Loading generic protrusion settings for font family
(microtype)             `lmtt' (encoding: T1).
(microtype)             For optimal results, create family-specific settings.
(microtype)             See the microtype manual for details.
 [8] [9]
Package acronym Info: Label `acro:GUI' newly defined as it shall be overridden
although it is yet undefined on input line 406.

[10]
Underfull \hbox (badness 10000) in paragraph at lines 436--440

 []

[11]
<photos/mockups/mHomepage.png, id=683, 1156.32pt x 650.43pt>
File: photos/mockups/mHomepage.png Graphic file (type png)
<use photos/mockups/mHomepage.png>
Package pdftex.def Info: photos/mockups/mHomepage.png  used on input line 441.
(pdftex.def)             Requested size: 359.99052pt x 202.49466pt.

Underfull \hbox (badness 10000) in paragraph at lines 441--441
[][]
 []

[12
pdfTeX warning (ext4): destination with the same identifier (name{figure.1}) ha
s been already used, duplicate ignored
<argument> ...shipout:D \box_use:N \l_shipout_box 
                                                  \__shipout_drop_firstpage_...
l.442 	\newpage
                <./photos/mockups/mHomepage.png>]
<photos/mockups/mSingleCycleBeginningOfPage.png, id=690, 1156.32pt x 650.43pt>
File: photos/mockups/mSingleCycleBeginningOfPage.png Graphic file (type png)
<use photos/mockups/mSingleCycleBeginningOfPage.png>
Package pdftex.def Info: photos/mockups/mSingleCycleBeginningOfPage.png  used o
n input line 443.
(pdftex.def)             Requested size: 359.99052pt x 202.49466pt.

Underfull \hbox (badness 10000) in paragraph at lines 443--443
[][]
 []

[13
pdfTeX warning (ext4): destination with the same identifier (name{figure.2}) ha
s been already used, duplicate ignored
<argument> ...shipout:D \box_use:N \l_shipout_box 
                                                  \__shipout_drop_firstpage_...
l.444 	\newpage
                <./photos/mockups/mSingleCycleBeginningOfPage.png>]
<photos/mockups/mAddCycleSensiplanDialogues.png, id=696, 1156.32pt x 650.43pt>
File: photos/mockups/mAddCycleSensiplanDialogues.png Graphic file (type png)
<use photos/mockups/mAddCycleSensiplanDialogues.png>
Package pdftex.def Info: photos/mockups/mAddCycleSensiplanDialogues.png  used o
n input line 445.
(pdftex.def)             Requested size: 359.99052pt x 202.49466pt.

Underfull \hbox (badness 10000) in paragraph at lines 445--445
[][]
 []

[14
pdfTeX warning (ext4): destination with the same identifier (name{figure.3}) ha
s been already used, duplicate ignored
<argument> ...shipout:D \box_use:N \l_shipout_box 
                                                  \__shipout_drop_firstpage_...
l.446 	\newpage
                <./photos/mockups/mAddCycleSensiplanDialogues.png>]
<photos/rest.png, id=709, 665.48625pt x 519.9425pt>
File: photos/rest.png Graphic file (type png)
<use photos/rest.png>
Package pdftex.def Info: photos/rest.png  used on input line 450.
(pdftex.def)             Requested size: 360.00711pt x 281.27252pt.
 [15
pdfTeX warning (ext4): destination with the same identifier (name{figure.4}) ha
s been already used, duplicate ignored
<argument> ...shipout:D \box_use:N \l_shipout_box 
                                                  \__shipout_drop_firstpage_...
l.451 	\newpage
                <./photos/rest.png>]
Overfull \hbox (22.04083pt too wide) in paragraph at lines 457--458
[]\T1/lmr/m/n/10.95 (-20) The [][] test-server val-i-dates the in-com-ing \T1/l
mr/m/it/10.95 (-20) Pa-tient\T1/lmr/m/n/10.95 (-20) /\T1/lmr/m/it/10.95 (-20) Q
uestionnaireResponse
 []

[16] [17]
Overfull \hbox (19.98029pt too wide) in paragraph at lines 535--596
[][]
 []

[18
pdfTeX warning (ext4): destination with the same identifier (name{table.1}) has
 been already used, duplicate ignored
<argument> ...shipout:D \box_use:N \l_shipout_box 
                                                  \__shipout_drop_firstpage_...
l.599 	\newpage
               ]
Overfull \hbox (2.58655pt too wide) in paragraph at lines 624--625
[]\T1/lmr/m/n/10.95 (-20) Address: lo-cal-host:3000/QuestionnaireResponse/Sensi
plan/:id 
 []

[19] [20]
<photos/homepage.png, id=765, 3703.8375pt x 1836.10968pt>
File: photos/homepage.png Graphic file (type png)
<use photos/homepage.png>
Package pdftex.def Info: photos/homepage.png  used on input line 654.
(pdftex.def)             Requested size: 359.95pt x 178.43863pt.

Underfull \hbox (badness 10000) in paragraph at lines 654--654
[][]
 []

[21
pdfTeX warning (ext4): destination with the same identifier (name{figure.5}) ha
s been already used, duplicate ignored
<argument> ...shipout:D \box_use:N \l_shipout_box 
                                                  \__shipout_drop_firstpage_...
l.656 	\newpage
                <./photos/homepage.png>]
<photos/participantsPage.png, id=773, 3537.46594pt x 1678.77188pt>
File: photos/participantsPage.png Graphic file (type png)
<use photos/participantsPage.png>
Package pdftex.def Info: photos/participantsPage.png  used on input line 658.
(pdftex.def)             Requested size: 359.97472pt x 170.83286pt.

Underfull \hbox (badness 10000) in paragraph at lines 658--658
[][]
 []

[22
pdfTeX warning (ext4): destination with the same identifier (name{figure.6}) ha
s been already used, duplicate ignored
<argument> ...shipout:D \box_use:N \l_shipout_box 
                                                  \__shipout_drop_firstpage_...
l.660 	\newpage
                <./photos/participantsPage.png>]
<photos/participantPage.png, id=779, 3624.03937pt x 1718.67094pt>
File: photos/participantPage.png Graphic file (type png)
<use photos/participantPage.png>
Package pdftex.def Info: photos/participantPage.png  used on input line 662.
(pdftex.def)             Requested size: 359.99205pt x 170.72327pt.

Underfull \hbox (badness 10000) in paragraph at lines 662--662
[][]
 []

[23
pdfTeX warning (ext4): destination with the same identifier (name{figure.7}) ha
s been already used, duplicate ignored
<argument> ...shipout:D \box_use:N \l_shipout_box 
                                                  \__shipout_drop_firstpage_...
l.664 	\newpage
                <./photos/participantPage.png>]
<photos/createParticipant.png, id=785, 2096.58281pt x 2019.04312pt>
File: photos/createParticipant.png Graphic file (type png)
<use photos/createParticipant.png>
Package pdftex.def Info: photos/createParticipant.png  used on input line 666.
(pdftex.def)             Requested size: 359.99739pt x 346.6833pt.

Underfull \hbox (badness 10000) in paragraph at lines 666--666
[][]
 []

[24
pdfTeX warning (ext4): destination with the same identifier (name{figure.8}) ha
s been already used, duplicate ignored
<argument> ...shipout:D \box_use:N \l_shipout_box 
                                                  \__shipout_drop_firstpage_...
l.668 	\newpage
                <./photos/createParticipant.png>]
<photos/errorMissingID.png, id=791, 465.99094pt x 261.22594pt>
File: photos/errorMissingID.png Graphic file (type png)
<use photos/errorMissingID.png>
Package pdftex.def Info: photos/errorMissingID.png  used on input line 670.
(pdftex.def)             Requested size: 360.0158pt x 201.8182pt.
 [25
pdfTeX warning (ext4): destination with the same identifier (name{figure.9}) ha
s been already used, duplicate ignored
<argument> ...shipout:D \box_use:N \l_shipout_box 
                                                  \__shipout_drop_firstpage_...
l.672 	\newpage
                <./photos/errorMissingID.png>]
<photos/errorNegID.png, id=797, 505.89pt x 193.47281pt>
File: photos/errorNegID.png Graphic file (type png)
<use photos/errorNegID.png>
Package pdftex.def Info: photos/errorNegID.png  used on input line 674.
(pdftex.def)             Requested size: 360.00264pt x 137.67958pt.
 [26
pdfTeX warning (ext4): destination with the same identifier (name{figure.10}) h
as been already used, duplicate ignored
<argument> ...shipout:D \box_use:N \l_shipout_box 
                                                  \__shipout_drop_firstpage_...
l.676 	\newpage
                <./photos/errorNegID.png>]
<photos/editParticipantPage.png, id=804, 3642.10687pt x 1711.89563pt>
File: photos/editParticipantPage.png Graphic file (type png)
<use photos/editParticipantPage.png>
Package pdftex.def Info: photos/editParticipantPage.png  used on input line 678
.
(pdftex.def)             Requested size: 359.95282pt x 169.18825pt.

Underfull \hbox (badness 10000) in paragraph at lines 678--678
[][]
 []

[27
pdfTeX warning (ext4): destination with the same identifier (name{figure.11}) h
as been already used, duplicate ignored
<argument> ...shipout:D \box_use:N \l_shipout_box 
                                                  \__shipout_drop_firstpage_...
l.680 	\newpage
                <./photos/editParticipantPage.png>]
<photos/errorNoChanges.png, id=810, 503.63156pt x 195.73125pt>
File: photos/errorNoChanges.png Graphic file (type png)
<use photos/errorNoChanges.png>
Package pdftex.def Info: photos/errorNoChanges.png  used on input line 682.
(pdftex.def)             Requested size: 360.00162pt x 139.91093pt.
 [28
pdfTeX warning (ext4): destination with the same identifier (name{figure.12}) h
as been already used, duplicate ignored
<argument> ...shipout:D \box_use:N \l_shipout_box 
                                                  \__shipout_drop_firstpage_...
l.684 	\newpage
                <./photos/errorNoChanges.png>]
<photos/cyclesPage.png, id=816, 3595.4325pt x 1260.96094pt>
File: photos/cyclesPage.png Graphic file (type png)
<use photos/cyclesPage.png>
Package pdftex.def Info: photos/cyclesPage.png  used on input line 686.
(pdftex.def)             Requested size: 359.94835pt x 126.23816pt.

Underfull \hbox (badness 10000) in paragraph at lines 686--686
[][]
 []

[29
pdfTeX warning (ext4): destination with the same identifier (name{figure.13}) h
as been already used, duplicate ignored
<argument> ...shipout:D \box_use:N \l_shipout_box 
                                                  \__shipout_drop_firstpage_...
l.688 	\newpage
                <./photos/cyclesPage.png>]
<photos/addCyclePage.png, id=822, 627.5445pt x 1079.232pt>
File: photos/addCyclePage.png Graphic file (type png)
<use photos/addCyclePage.png>
Package pdftex.def Info: photos/addCyclePage.png  used on input line 690.
(pdftex.def)             Requested size: 273.47757pt x 470.31845pt.
 [30
pdfTeX warning (ext4): destination with the same identifier (name{figure.14}) h
as been already used, duplicate ignored
<argument> ...shipout:D \box_use:N \l_shipout_box 
                                                  \__shipout_drop_firstpage_...
l.692 	\newpage
                <./photos/addCyclePage.png>]
<photos/errorNegCycle.png, id=828, 490.83376pt x 276.28218pt>
File: photos/errorNegCycle.png Graphic file (type png)
<use photos/errorNegCycle.png>
Package pdftex.def Info: photos/errorNegCycle.png  used on input line 694.
(pdftex.def)             Requested size: 360.01326pt x 202.6455pt.
 [31
pdfTeX warning (ext4): destination with the same identifier (name{figure.15}) h
as been already used, duplicate ignored
<argument> ...shipout:D \box_use:N \l_shipout_box 
                                                  \__shipout_drop_firstpage_...
l.695 	\newpage
                <./photos/errorNegCycle.png>]
<photos/errorIncompCycle.png, id=834, 513.41812pt x 286.82156pt>
File: photos/errorIncompCycle.png Graphic file (type png)
<use photos/errorIncompCycle.png>
Package pdftex.def Info: photos/errorIncompCycle.png  used on input line 697.
(pdftex.def)             Requested size: 360.00128pt x 201.11508pt.
 [32
pdfTeX warning (ext4): destination with the same identifier (name{figure.16}) h
as been already used, duplicate ignored
<argument> ...shipout:D \box_use:N \l_shipout_box 
                                                  \__shipout_drop_firstpage_...
l.698 	\newpage
                <./photos/errorIncompCycle.png>]
File: photos/addCyclePage.png Graphic file (type png)
<use photos/addCyclePage.png>
Package pdftex.def Info: photos/addCyclePage.png  used on input line 700.
(pdftex.def)             Requested size: 288.13774pt x 495.53055pt.
 [33
pdfTeX warning (ext4): destination with the same identifier (name{figure.17}) h
as been already used, duplicate ignored
<argument> ...shipout:D \box_use:N \l_shipout_box 
                                                  \__shipout_drop_firstpage_...
l.701 	\newpage
               ]
<photos/cyclePageSens.png, id=845, 618.51076pt x 1100.31075pt>
File: photos/cyclePageSens.png Graphic file (type png)
<use photos/cyclePageSens.png>
Package pdftex.def Info: photos/cyclePageSens.png  used on input line 703.
(pdftex.def)             Requested size: 292.76694pt x 520.823pt.
 [34
pdfTeX warning (ext4): destination with the same identifier (name{figure.18}) h
as been already used, duplicate ignored
<argument> ...shipout:D \box_use:N \l_shipout_box 
                                                  \__shipout_drop_firstpage_...
l.704 	\newpage
                <./photos/cyclePageSens.png>]
<photos/cyclePageTrack.png, id=851, 623.32875pt x 1091.87926pt>
File: photos/cyclePageTrack.png Graphic file (type png)
<use photos/cyclePageTrack.png>
Package pdftex.def Info: photos/cyclePageTrack.png  used on input line 706.
(pdftex.def)             Requested size: 297.31117pt x 520.79727pt.
 [35
pdfTeX warning (ext4): destination with the same identifier (name{figure.19}) h
as been already used, duplicate ignored
<argument> ...shipout:D \box_use:N \l_shipout_box 
                                                  \__shipout_drop_firstpage_...
l.707 	\newpage
                <./photos/cyclePageTrack.png>]
<photos/warningIncompleteSens.png, id=857, 511.15968pt x 423.83344pt>
File: photos/warningIncompleteSens.png Graphic file (type png)
<use photos/warningIncompleteSens.png>
Package pdftex.def Info: photos/warningIncompleteSens.png  used on input line 7
09.
(pdftex.def)             Requested size: 360.00102pt x 298.49864pt.
 [36
pdfTeX warning (ext4): destination with the same identifier (name{figure.20}) h
as been already used, duplicate ignored
<argument> ...shipout:D \box_use:N \l_shipout_box 
                                                  \__shipout_drop_firstpage_...
l.710 	\newpage
                <./photos/warningIncompleteSens.png>]
<photos/errorEmptySens.png, id=863, 501.37312pt x 190.46156pt>
File: photos/errorEmptySens.png Graphic file (type png)
<use photos/errorEmptySens.png>
Package pdftex.def Info: photos/errorEmptySens.png  used on input line 712.
(pdftex.def)             Requested size: 360.01677pt x 136.7631pt.
 [37
pdfTeX warning (ext4): destination with the same identifier (name{figure.21}) h
as been already used, duplicate ignored
<argument> ...shipout:D \box_use:N \l_shipout_box 
                                                  \__shipout_drop_firstpage_...
l.713 	\newpage
                <./photos/errorEmptySens.png>]
<photos/addCyclePageTrackSens.png, id=869, 620.91975pt x 1097.90175pt>
File: photos/addCyclePageTrackSens.png Graphic file (type png)
<use photos/addCyclePageTrackSens.png>
Package pdftex.def Info: photos/addCyclePageTrackSens.png  used on input line 7
15.
(pdftex.def)             Requested size: 294.542pt x 520.80515pt.
 [38
pdfTeX warning (ext4): destination with the same identifier (name{figure.22}) h
as been already used, duplicate ignored
<argument> ...shipout:D \box_use:N \l_shipout_box 
                                                  \__shipout_drop_firstpage_...
l.716 	\newpage
                <./photos/addCyclePageTrackSens.png>]
<photos/errorTrackSens.png, id=877, 514.17094pt x 197.98969pt>
File: photos/errorTrackSens.png Graphic file (type png)
<use photos/errorTrackSens.png>
Package pdftex.def Info: photos/errorTrackSens.png  used on input line 718.
(pdftex.def)             Requested size: 360.00351pt x 138.62506pt.
 [39
pdfTeX warning (ext4): destination with the same identifier (name{figure.23}) h
as been already used, duplicate ignored
<argument> ...shipout:D \box_use:N \l_shipout_box 
                                                  \__shipout_drop_firstpage_...
l.720 	\newpage
                <./photos/errorTrackSens.png>]
<photos/cyclePage.png, id=883, 624.53325pt x 1091.277pt>
File: photos/cyclePage.png Graphic file (type png)
<use photos/cyclePage.png>
Package pdftex.def Info: photos/cyclePage.png  used on input line 722.
(pdftex.def)             Requested size: 253.60165pt x 443.13037pt.
 [40
pdfTeX warning (ext4): destination with the same identifier (name{figure.24}) h
as been already used, duplicate ignored
<argument> ...shipout:D \box_use:N \l_shipout_box 
                                                  \__shipout_drop_firstpage_...
l.723 	\newpage
                <./photos/cyclePage.png>]
<photos/cycleNoTrack.png, id=889, 924.45375pt x 1156.32pt>
File: photos/cycleNoTrack.png Graphic file (type png)
<use photos/cycleNoTrack.png>
Package pdftex.def Info: photos/cycleNoTrack.png  used on input line 725.
(pdftex.def)             Requested size: 359.99948pt x 450.29251pt.

Underfull \hbox (badness 10000) in paragraph at lines 725--725
[][]
 []

[41
pdfTeX warning (ext4): destination with the same identifier (name{figure.25}) h
as been already used, duplicate ignored
<argument> ...shipout:D \box_use:N \l_shipout_box 
                                                  \__shipout_drop_firstpage_...
l.727 	\newpage
                <./photos/cycleNoTrack.png>]
Underfull \hbox (badness 10000) in paragraph at lines 734--786

 []


Underfull \hbox (badness 10000) in paragraph at lines 734--786

 []


Underfull \hbox (badness 10000) in paragraph at lines 734--786

 []


Underfull \hbox (badness 10000) in paragraph at lines 734--786

 []


Underfull \hbox (badness 10000) in paragraph at lines 734--786

 []


Underfull \hbox (badness 10000) in paragraph at lines 734--786

 []


Underfull \hbox (badness 10000) in paragraph at lines 734--786

 []


Underfull \hbox (badness 10000) in paragraph at lines 734--786

 []


Underfull \hbox (badness 10000) in paragraph at lines 734--786

 []


Underfull \hbox (badness 10000) in paragraph at lines 734--786

 []


Underfull \hbox (badness 10000) in paragraph at lines 734--786

 []


Underfull \hbox (badness 10000) in paragraph at lines 734--786

 []


Underfull \hbox (badness 10000) in paragraph at lines 734--786

 []


Underfull \hbox (badness 10000) in paragraph at lines 734--786

 []


Underfull \hbox (badness 10000) in paragraph at lines 734--786

 []


Underfull \hbox (badness 10000) in paragraph at lines 734--786

 []


Underfull \hbox (badness 10000) in paragraph at lines 734--786

 []


Underfull \hbox (badness 10000) in paragraph at lines 734--786

 []

[42] [43] [44] [45]

Package hyperref Warning: Option `colorlinks' has already been used,
(hyperref)                setting the option has no effect on input line 795.

Package hyperref Info: Option `breaklinks' set `true' on input line 795.
Package microtype Info: Character `029' is missing
(microtype)             in font `T1/lmr/m/sc/10.95'.
(microtype)             Ignoring protrusion settings for this character.

Overfull \hbox (2.38716pt too wide) in paragraph at lines 800--800
\T1/lmr/m/sc/10.95 (-20) url\T1/lmr/m/n/10.95 (-20) : [][]$\T1/lmtt/m/n/10.95 h
ttps : / / github . com / lucaskulla / WebAppForStudyManagement$[][]
 []


Overfull \hbox (0.62558pt too wide) in paragraph at lines 800--800
[]\T1/lmr/m/it/10.95 (-20) Express - Node.js web ap-pli-ca-tion frame-work\T1/l
mr/m/n/10.95 (-20) . \T1/lmr/m/sc/10.95 (-20) url\T1/lmr/m/n/10.95 (-20) : [][]
$\T1/lmtt/m/n/10.95 https : / / expressjs .
 []


Overfull \hbox (0.61447pt too wide) in paragraph at lines 800--800
[]\T1/lmr/m/it/10.95 (-20) Introduction | Vue.js\T1/lmr/m/n/10.95 (-20) . \T1/l
mr/m/sc/10.95 (-20) url\T1/lmr/m/n/10.95 (-20) : [][]$\T1/lmtt/m/n/10.95 https 
: / / vuejs . org / guide / introduction .
 []

[46] [47] (./pmi.aux)

LaTeX Warning: There were multiply-defined labels.

Package rerunfilecheck Info: File `pmi.out' has not changed.
(rerunfilecheck)             Checksum: FC09E90B3EF9236C13A04578D8DA5065;3605.
Package logreq Info: Writing requests to 'pmi.run.xml'.
\openout1 = `pmi.run.xml'.

 ) 
Here is how much of TeX's memory you used:
 21864 strings out of 478238
 374786 string characters out of 5850455
 1163764 words of memory out of 5000000
 39257 multiletter control sequences out of 15000+600000
 561015 words of font info for 201 fonts, out of 8000000 for 9000
 1141 hyphenation exceptions out of 8191
 60i,12n,68p,2584b,1420s stack positions out of 5000i,500n,10000p,200000b,80000s
{/usr/share/texmf-dist/fonts/enc/dvips/lm/lm-ec.enc}{/usr/share/texmf-dist/fo
nts/enc/dvips/lm/lm-ts1.enc}</usr/share/texmf-dist/fonts/type1/public/lm/lmbx10
.pfb></usr/share/texmf-dist/fonts/type1/public/lm/lmbx12.pfb></usr/share/texmf-
dist/fonts/type1/public/lm/lmbx8.pfb></usr/share/texmf-dist/fonts/type1/public/
lm/lmbxi10.pfb></usr/share/texmf-dist/fonts/type1/public/lm/lmcsc10.pfb></usr/s
hare/texmf-dist/fonts/type1/public/lm/lmr10.pfb></usr/share/texmf-dist/fonts/ty
pe1/public/lm/lmr12.pfb></usr/share/texmf-dist/fonts/type1/public/lm/lmr17.pfb>
</usr/share/texmf-dist/fonts/type1/public/lm/lmr7.pfb></usr/share/texmf-dist/fo
nts/type1/public/lm/lmr8.pfb></usr/share/texmf-dist/fonts/type1/public/lm/lmri1
0.pfb></usr/share/texmf-dist/fonts/type1/public/lm/lmtt10.pfb>
Output written on pmi.pdf (52 pages, 3777325 bytes).
PDF statistics:
 1106 PDF objects out of 1200 (max. 8388607)
 964 compressed objects within 10 object streams
 298 named destinations out of 1000 (max. 500000)
 56185 words of extra memory for PDF output out of 61914 (max. 10000000)

